2017/11/05 14:56:44 [error] [exception.CDbException] SQLSTATE[HY000] [2002] No such file or directory
2017/11/05 14:56:44 [error] [exception.CDbException] CDbException: CDbConnection failed to open the DB connection. in /var/www/html/yiicrud/framework/db/CDbConnection.php:405
Stack trace:
#0 /var/www/html/yiicrud/framework/db/CDbConnection.php(347): CDbConnection->open()
#1 /var/www/html/yiicrud/framework/db/CDbConnection.php(325): CDbConnection->setActive(true)
#2 /var/www/html/yiicrud/framework/base/CModule.php(394): CDbConnection->init()
#3 /var/www/html/yiicrud/framework/base/CApplication.php(459): CModule->getComponent('db')
#4 /var/www/html/yiicrud/framework/db/ar/CActiveRecord.php(639): CApplication->getDb()
#5 /var/www/html/yiicrud/framework/db/ar/CActiveRecord.php(2389): CActiveRecord->getDbConnection()
#6 /var/www/html/yiicrud/framework/db/ar/CActiveRecord.php(413): CActiveRecordMetaData->__construct(Object(Users))
#7 /var/www/html/yiicrud/framework/db/ar/CActiveRecord.php(79): CActiveRecord->getMetaData()
#8 /var/www/html/yiicrud/demos/protected/controllers/UsersController.php(117): CActiveRecord->__construct('search')
#9 /var/www/html/yiicrud/framework/web/actions/CInlineAction.php(49): UsersController->actionIndex()
#10 /var/www/html/yiicrud/framework/web/CController.php(308): CInlineAction->runWithParams(Array)
#11 /var/www/html/yiicrud/framework/web/filters/CFilterChain.php(134): CController->runAction(Object(CInlineAction))
#12 /var/www/html/yiicrud/framework/web/filters/CFilter.php(40): CFilterChain->run()
#13 /var/www/html/yiicrud/framework/web/CController.php(1148): CFilter->filter(Object(CFilterChain))
#14 /var/www/html/yiicrud/framework/web/filters/CInlineFilter.php(58): CController->filterAccessControl(Object(CFilterChain))
#15 /var/www/html/yiicrud/framework/web/filters/CFilterChain.php(131): CInlineFilter->filter(Object(CFilterChain))
#16 /var/www/html/yiicrud/framework/web/CController.php(291): CFilterChain->run()
#17 /var/www/html/yiicrud/framework/web/CController.php(265): CController->runActionWithFilters(Object(CInlineAction), Array)
#18 /var/www/html/yiicrud/framework/web/CWebApplication.php(282): CController->run('index')
#19 /var/www/html/yiicrud/framework/web/CWebApplication.php(141): CWebApplication->runController('users/index')
#20 /var/www/html/yiicrud/framework/base/CApplication.php(185): CWebApplication->processRequest()
#21 /var/www/html/yiicrud/demos/index.php(11): CApplication->run()
#22 {main}
REQUEST_URI=/yiicrud/demos/users/index
---
